<?xml version="1.0" encoding="UTF-8"?>
<!-- Generated by org.testng.reporters.JUnitReportReporter -->
<testsuite hostname="DESKTOP-FVLP2TF" failures="0" tests="1" name="com.Ecommerce.DblazeCartPageObj" time="19.106" errors="0" timestamp="2025-07-15T17:09:12 IST" skipped="0">
  <testcase classname="com.Ecommerce.DblazeCartPageObj" name="regandchkoutflow" time="19.106"/>
</testsuite> <!-- com.Ecommerce.DblazeCartPageObj -->
